<?xml version="1.0" encoding="UTF-8"?>
<testsuite name="AuctionWebTest_googlechrome"
           tests="2"
           failures="0"
           errors="0"
           skipped="0"
           time="37.960">
  <properties />
  
  
            <testcase name="SecondCarEvaluateStart" time="36.492" classname="com.auction.testcase.secondcar.SecondCarEvaluateStartTest" />
                <testcase name="testLogin" time="1.468" classname="com.auction.testcase.secondcar.SecondCarEvaluateStartTest" />
      
</testsuite>
